<?xml version="1.0" encoding="UTF-8"?>
<!-- Generated by org.testng.reporters.JUnitXMLReporter -->
<testsuite hostname="amit-PC" name="Default test" tests="14" failures="0" timestamp="15 Oct 2015 14:09:52 GMT" time="1.533" errors="0">
  <testcase name="@BeforeTest launchapp" time="0.0" classname="SeleniumIntegration.MavenDemo.DoTwitterPost">
    <failure type="org.testng.TestNGException" message="
Parameter &amp;apos;browser&amp;apos; is required by @Configuration on method launchapp but has not been marked @Optional or defined
in C:\Users\amit\AppData\Local\Temp\testng-eclipse-2050718100\testng-customsuite.xml">
      <![CDATA[org.testng.TestNGException: 
Parameter 'browser' is required by @Configuration on method launchapp but has not been marked @Optional or defined
in C:\Users\amit\AppData\Local\Temp\testng-eclipse-2050718100\testng-customsuite.xml
	at org.testng.internal.Parameters.createParameters(Parameters.java:155)
	at org.testng.internal.Parameters.createParameters(Parameters.java:358)
	at org.testng.internal.Parameters.createConfigurationParameters(Parameters.java:86)
	at org.testng.internal.Invoker.invokeConfigurations(Invoker.java:199)
	at org.testng.internal.Invoker.invokeConfigurations(Invoker.java:138)
	at org.testng.TestRunner.beforeRun(TestRunner.java:641)
	at org.testng.TestRunner.run(TestRunner.java:609)
	at org.testng.SuiteRunner.runTest(SuiteRunner.java:334)
	at org.testng.SuiteRunner.runSequentially(SuiteRunner.java:329)
	at org.testng.SuiteRunner.privateRun(SuiteRunner.java:291)
	at org.testng.SuiteRunner.run(SuiteRunner.java:240)
	at org.testng.SuiteRunnerWorker.runSuite(SuiteRunnerWorker.java:52)
	at org.testng.SuiteRunnerWorker.run(SuiteRunnerWorker.java:86)
	at org.testng.TestNG.runSuitesSequentially(TestNG.java:1224)
	at org.testng.TestNG.runSuitesLocally(TestNG.java:1149)
	at org.testng.TestNG.run(TestNG.java:1057)
	at org.testng.remote.RemoteTestNG.run(RemoteTestNG.java:111)
	at org.testng.remote.RemoteTestNG.initAndRun(RemoteTestNG.java:204)
	at org.testng.remote.RemoteTestNG.main(RemoteTestNG.java:175)
]]>
    </failure>
  </testcase> <!-- @BeforeTest launchapp -->
  <testcase name="@AfterTest terminatetest" time="0.0" classname="SeleniumIntegration.MavenDemo.DoTwitterPost">
    <skipped/>
  </testcase> <!-- @AfterTest terminatetest -->
  <testcase name="LoginTest" time="0.011" classname="SeleniumIntegration.MavenDemo.DoTwitterPost">
    <skipped/>
  </testcase> <!-- LoginTest -->
  <testcase name="LoginTest" time="0.001" classname="SeleniumIntegration.MavenDemo.DoTwitterPost">
    <skipped/>
  </testcase> <!-- LoginTest -->
  <testcase name="LoginTest" time="0.001" classname="SeleniumIntegration.MavenDemo.DoTwitterPost">
    <skipped/>
  </testcase> <!-- LoginTest -->
  <testcase name="LoginTest" time="0.001" classname="SeleniumIntegration.MavenDemo.DoTwitterPost">
    <skipped/>
  </testcase> <!-- LoginTest -->
  <testcase name="LoginTest" time="0.001" classname="SeleniumIntegration.MavenDemo.DoTwitterPost">
    <skipped/>
  </testcase> <!-- LoginTest -->
  <testcase name="LoginTest" time="0.001" classname="SeleniumIntegration.MavenDemo.DoTwitterPost">
    <skipped/>
  </testcase> <!-- LoginTest -->
  <testcase name="LoginTest" time="0.001" classname="SeleniumIntegration.MavenDemo.DoTwitterPost">
    <skipped/>
  </testcase> <!-- LoginTest -->
  <testcase name="LoginTest" time="0.001" classname="SeleniumIntegration.MavenDemo.DoTwitterPost">
    <skipped/>
  </testcase> <!-- LoginTest -->
  <testcase name="LoginTest" time="0.001" classname="SeleniumIntegration.MavenDemo.DoTwitterPost">
    <skipped/>
  </testcase> <!-- LoginTest -->
  <testcase name="LoginTest" time="0.001" classname="SeleniumIntegration.MavenDemo.DoTwitterPost">
    <skipped/>
  </testcase> <!-- LoginTest -->
  <testcase name="LoginTest" time="0.0" classname="SeleniumIntegration.MavenDemo.DoTwitterPost">
    <skipped/>
  </testcase> <!-- LoginTest -->
  <testcase name="LoginTest" time="0.001" classname="SeleniumIntegration.MavenDemo.DoTwitterPost">
    <skipped/>
  </testcase> <!-- LoginTest -->
  <testcase name="LoginTest" time="0.001" classname="SeleniumIntegration.MavenDemo.DoTwitterPost">
    <skipped/>
  </testcase> <!-- LoginTest -->
  <testcase name="LoginTest" time="0.001" classname="SeleniumIntegration.MavenDemo.DoTwitterPost">
    <skipped/>
  </testcase> <!-- LoginTest -->
</testsuite> <!-- Default test -->
