<?xml version="1.0" encoding="UTF-8"?>
<testsuite hostname="amit-PC" name="SeleniumIntegration.MavenDemo.DoTwitterPost" tests="14" failures="0" timestamp="7 Oct 2015 10:54:16 GMT" time="7.354" errors="0">
  <testcase name="@BeforeTest launchapp" time="0.0" classname="SeleniumIntegration.MavenDemo.DoTwitterPost">
    <failure type="org.openqa.selenium.remote.UnreachableBrowserException" message="Could not start a new session. Possible causes are invalid address of the remote server or browser start-up failure.
Build info: version: &amp;apos;2.45.0&amp;apos;, revision: &amp;apos;5017cb8e7ca8e37638dc3091b2440b90a1d8686f&amp;apos;, time: &amp;apos;2015-02-27 09:10:26&amp;apos;
System info: host: &amp;apos;amit-PC&amp;apos;, ip: &amp;apos;192.168.0.3&amp;apos;, os.name: &amp;apos;Windows 7&amp;apos;, os.arch: &amp;apos;x86&amp;apos;, os.version: &amp;apos;6.1&amp;apos;, java.version: &amp;apos;1.8.0_45&amp;apos;
Driver info: driver.version: RemoteWebDriver">
      <![CDATA[org.openqa.selenium.remote.UnreachableBrowserException: Could not start a new session. Possible causes are invalid address of the remote server or browser start-up failure.
Build info: version: '2.45.0', revision: '5017cb8e7ca8e37638dc3091b2440b90a1d8686f', time: '2015-02-27 09:10:26'
System info: host: 'amit-PC', ip: '192.168.0.3', os.name: 'Windows 7', os.arch: 'x86', os.version: '6.1', java.version: '1.8.0_45'
Driver info: driver.version: RemoteWebDriver
	at org.openqa.selenium.remote.RemoteWebDriver.execute(RemoteWebDriver.java:593)
	at org.openqa.selenium.remote.RemoteWebDriver.startSession(RemoteWebDriver.java:240)
	at org.openqa.selenium.remote.RemoteWebDriver.<init>(RemoteWebDriver.java:126)
	at org.openqa.selenium.remote.RemoteWebDriver.<init>(RemoteWebDriver.java:153)
	at SeleniumIntegration.MavenDemo.DoTwitterPost.launchapp(DoTwitterPost.java:84)
	at java.util.concurrent.ThreadPoolExecutor.runWorker(ThreadPoolExecutor.java:1142)
	at java.util.concurrent.ThreadPoolExecutor$Worker.run(ThreadPoolExecutor.java:617)
	at java.lang.Thread.run(Thread.java:745)
Caused by: org.apache.http.conn.HttpHostConnectException: Connect to localhost:5557 [localhost/127.0.0.1, localhost/0:0:0:0:0:0:0:1] failed: Connection refused: connect
	at org.apache.http.impl.conn.HttpClientConnectionOperator.connect(HttpClientConnectionOperator.java:142)
	at org.apache.http.impl.conn.PoolingHttpClientConnectionManager.connect(PoolingHttpClientConnectionManager.java:319)
	at org.apache.http.impl.execchain.MainClientExec.establishRoute(MainClientExec.java:363)
	at org.apache.http.impl.execchain.MainClientExec.execute(MainClientExec.java:219)
	at org.apache.http.impl.execchain.ProtocolExec.execute(ProtocolExec.java:195)
	at org.apache.http.impl.execchain.RetryExec.execute(RetryExec.java:86)
	at org.apache.http.impl.execchain.RedirectExec.execute(RedirectExec.java:108)
	at org.apache.http.impl.client.InternalHttpClient.doExecute(InternalHttpClient.java:184)
	at org.apache.http.impl.client.CloseableHttpClient.execute(CloseableHttpClient.java:72)
	at org.apache.http.impl.client.CloseableHttpClient.execute(CloseableHttpClient.java:57)
	at org.openqa.selenium.remote.internal.ApacheHttpClient.fallBackExecute(ApacheHttpClient.java:126)
	at org.openqa.selenium.remote.internal.ApacheHttpClient.execute(ApacheHttpClient.java:72)
	at org.openqa.selenium.remote.HttpCommandExecutor.execute(HttpCommandExecutor.java:133)
	at org.openqa.selenium.remote.RemoteWebDriver.execute(RemoteWebDriver.java:572)
	... 21 more
Caused by: java.net.ConnectException: Connection refused: connect
	at java.net.DualStackPlainSocketImpl.waitForConnect(Native Method)
	at java.net.DualStackPlainSocketImpl.socketConnect(DualStackPlainSocketImpl.java:85)
	at java.net.AbstractPlainSocketImpl.doConnect(AbstractPlainSocketImpl.java:345)
	at java.net.AbstractPlainSocketImpl.connectToAddress(AbstractPlainSocketImpl.java:206)
	at java.net.AbstractPlainSocketImpl.connect(AbstractPlainSocketImpl.java:188)
	at java.net.PlainSocketImpl.connect(PlainSocketImpl.java:172)
	at java.net.SocksSocketImpl.connect(SocksSocketImpl.java:392)
	at java.net.Socket.connect(Socket.java:589)
	at org.apache.http.conn.socket.PlainConnectionSocketFactory.connectSocket(PlainConnectionSocketFactory.java:72)
	at org.apache.http.impl.conn.HttpClientConnectionOperator.connect(HttpClientConnectionOperator.java:125)
	... 34 more
... Removed 14 stack frames]]>
    </failure>
  </testcase>
  <testcase name="@AfterTest terminatetest" time="0.0" classname="SeleniumIntegration.MavenDemo.DoTwitterPost">
    <skipped/>
  </testcase>
  <testcase name="LoginTest" time="0.002" classname="SeleniumIntegration.MavenDemo.DoTwitterPost">
    <skipped/>
  </testcase>
  <testcase name="LoginTest" time="0.001" classname="SeleniumIntegration.MavenDemo.DoTwitterPost">
    <skipped/>
  </testcase>
  <testcase name="LoginTest" time="0.001" classname="SeleniumIntegration.MavenDemo.DoTwitterPost">
    <skipped/>
  </testcase>
  <testcase name="LoginTest" time="0.001" classname="SeleniumIntegration.MavenDemo.DoTwitterPost">
    <skipped/>
  </testcase>
  <testcase name="LoginTest" time="0.001" classname="SeleniumIntegration.MavenDemo.DoTwitterPost">
    <skipped/>
  </testcase>
  <testcase name="LoginTest" time="0.001" classname="SeleniumIntegration.MavenDemo.DoTwitterPost">
    <skipped/>
  </testcase>
  <testcase name="LoginTest" time="0.0" classname="SeleniumIntegration.MavenDemo.DoTwitterPost">
    <skipped/>
  </testcase>
  <testcase name="LoginTest" time="0.0" classname="SeleniumIntegration.MavenDemo.DoTwitterPost">
    <skipped/>
  </testcase>
  <testcase name="LoginTest" time="0.001" classname="SeleniumIntegration.MavenDemo.DoTwitterPost">
    <skipped/>
  </testcase>
  <testcase name="LoginTest" time="0.001" classname="SeleniumIntegration.MavenDemo.DoTwitterPost">
    <skipped/>
  </testcase>
  <testcase name="LoginTest" time="0.0" classname="SeleniumIntegration.MavenDemo.DoTwitterPost">
    <skipped/>
  </testcase>
  <testcase name="LoginTest" time="0.0" classname="SeleniumIntegration.MavenDemo.DoTwitterPost">
    <skipped/>
  </testcase>
  <testcase name="LoginTest" time="0.0" classname="SeleniumIntegration.MavenDemo.DoTwitterPost">
    <skipped/>
  </testcase>
  <testcase name="LoginTest" time="0.001" classname="SeleniumIntegration.MavenDemo.DoTwitterPost">
    <skipped/>
  </testcase>
</testsuite>
