<?xml version="1.0" encoding="UTF-8"?>
<testng-results skipped="28" failed="0" total="28" passed="0">
  <reporter-output>
  </reporter-output>
  <suite name="Suite" duration-ms="7354" started-at="2015-10-07T16:24:09Z" finished-at="2015-10-07T16:24:16Z">
    <groups>
    </groups>
    <test name="ChromeTest" duration-ms="7354" started-at="2015-10-07T16:24:09Z" finished-at="2015-10-07T16:24:16Z">
      <class name="SeleniumIntegration.MavenDemo.DoTwitterPost">
        <test-method status="FAIL" signature="launchapp(java.lang.String)" name="launchapp" is-config="true" duration-ms="0" started-at="2015-10-07T16:24:09Z" finished-at="2015-10-07T16:24:09Z">
          <params>
            <param index="0">
              <value>
                <![CDATA[chrome]]>
              </value>
            </param>
          </params>
          <exception class="org.openqa.selenium.remote.UnreachableBrowserException">
            <message>
              <![CDATA[Could not start a new session. Possible causes are invalid address of the remote server or browser start-up failure.
Build info: version: '2.45.0', revision: '5017cb8e7ca8e37638dc3091b2440b90a1d8686f', time: '2015-02-27 09:10:26'
System info: host: 'amit-PC', ip: '192.168.0.3', os.name: 'Windows 7', os.arch: 'x86', os.version: '6.1', java.version: '1.8.0_45'
Driver info: driver.version: RemoteWebDriver]]>
            </message>
            <full-stacktrace>
              <![CDATA[org.openqa.selenium.remote.UnreachableBrowserException: Could not start a new session. Possible causes are invalid address of the remote server or browser start-up failure.
Build info: version: '2.45.0', revision: '5017cb8e7ca8e37638dc3091b2440b90a1d8686f', time: '2015-02-27 09:10:26'
System info: host: 'amit-PC', ip: '192.168.0.3', os.name: 'Windows 7', os.arch: 'x86', os.version: '6.1', java.version: '1.8.0_45'
Driver info: driver.version: RemoteWebDriver
	at org.openqa.selenium.remote.RemoteWebDriver.execute(RemoteWebDriver.java:593)
	at org.openqa.selenium.remote.RemoteWebDriver.startSession(RemoteWebDriver.java:240)
	at org.openqa.selenium.remote.RemoteWebDriver.<init>(RemoteWebDriver.java:126)
	at org.openqa.selenium.remote.RemoteWebDriver.<init>(RemoteWebDriver.java:153)
	at SeleniumIntegration.MavenDemo.DoTwitterPost.launchapp(DoTwitterPost.java:84)
	at sun.reflect.NativeMethodAccessorImpl.invoke0(Native Method)
	at sun.reflect.NativeMethodAccessorImpl.invoke(NativeMethodAccessorImpl.java:62)
	at sun.reflect.DelegatingMethodAccessorImpl.invoke(DelegatingMethodAccessorImpl.java:43)
	at java.lang.reflect.Method.invoke(Method.java:497)
	at org.testng.internal.MethodInvocationHelper.invokeMethod(MethodInvocationHelper.java:80)
	at org.testng.internal.Invoker.invokeConfigurationMethod(Invoker.java:525)
	at org.testng.internal.Invoker.invokeConfigurations(Invoker.java:202)
	at org.testng.internal.Invoker.invokeConfigurations(Invoker.java:130)
	at org.testng.TestRunner.beforeRun(TestRunner.java:632)
	at org.testng.TestRunner.run(TestRunner.java:600)
	at org.testng.SuiteRunner.runTest(SuiteRunner.java:334)
	at org.testng.SuiteRunner.access$000(SuiteRunner.java:36)
	at org.testng.SuiteRunner$SuiteWorker.run(SuiteRunner.java:368)
	at org.testng.internal.thread.ThreadUtil$CountDownLatchedRunnable.run(ThreadUtil.java:165)
	at java.util.concurrent.ThreadPoolExecutor.runWorker(ThreadPoolExecutor.java:1142)
	at java.util.concurrent.ThreadPoolExecutor$Worker.run(ThreadPoolExecutor.java:617)
	at java.lang.Thread.run(Thread.java:745)
Caused by: org.apache.http.conn.HttpHostConnectException: Connect to localhost:5557 [localhost/127.0.0.1, localhost/0:0:0:0:0:0:0:1] failed: Connection refused: connect
	at org.apache.http.impl.conn.HttpClientConnectionOperator.connect(HttpClientConnectionOperator.java:142)
	at org.apache.http.impl.conn.PoolingHttpClientConnectionManager.connect(PoolingHttpClientConnectionManager.java:319)
	at org.apache.http.impl.execchain.MainClientExec.establishRoute(MainClientExec.java:363)
	at org.apache.http.impl.execchain.MainClientExec.execute(MainClientExec.java:219)
	at org.apache.http.impl.execchain.ProtocolExec.execute(ProtocolExec.java:195)
	at org.apache.http.impl.execchain.RetryExec.execute(RetryExec.java:86)
	at org.apache.http.impl.execchain.RedirectExec.execute(RedirectExec.java:108)
	at org.apache.http.impl.client.InternalHttpClient.doExecute(InternalHttpClient.java:184)
	at org.apache.http.impl.client.CloseableHttpClient.execute(CloseableHttpClient.java:72)
	at org.apache.http.impl.client.CloseableHttpClient.execute(CloseableHttpClient.java:57)
	at org.openqa.selenium.remote.internal.ApacheHttpClient.fallBackExecute(ApacheHttpClient.java:126)
	at org.openqa.selenium.remote.internal.ApacheHttpClient.execute(ApacheHttpClient.java:72)
	at org.openqa.selenium.remote.HttpCommandExecutor.execute(HttpCommandExecutor.java:133)
	at org.openqa.selenium.remote.RemoteWebDriver.execute(RemoteWebDriver.java:572)
	... 21 more
Caused by: java.net.ConnectException: Connection refused: connect
	at java.net.DualStackPlainSocketImpl.waitForConnect(Native Method)
	at java.net.DualStackPlainSocketImpl.socketConnect(DualStackPlainSocketImpl.java:85)
	at java.net.AbstractPlainSocketImpl.doConnect(AbstractPlainSocketImpl.java:345)
	at java.net.AbstractPlainSocketImpl.connectToAddress(AbstractPlainSocketImpl.java:206)
	at java.net.AbstractPlainSocketImpl.connect(AbstractPlainSocketImpl.java:188)
	at java.net.PlainSocketImpl.connect(PlainSocketImpl.java:172)
	at java.net.SocksSocketImpl.connect(SocksSocketImpl.java:392)
	at java.net.Socket.connect(Socket.java:589)
	at org.apache.http.conn.socket.PlainConnectionSocketFactory.connectSocket(PlainConnectionSocketFactory.java:72)
	at org.apache.http.impl.conn.HttpClientConnectionOperator.connect(HttpClientConnectionOperator.java:125)
	... 34 more
]]>
            </full-stacktrace>
          </exception>
        </test-method>
        <test-method status="SKIP" signature="LoginTest(java.lang.String)" name="LoginTest" duration-ms="2" started-at="2015-10-07T16:24:16Z" finished-at="2015-10-07T16:24:16Z">
          <params>
            <param index="0">
              <value>
                <![CDATA[There once was a speedy Hare who bragged about how fast he could run.]]>
              </value>
            </param>
          </params>
        </test-method>
        <test-method status="SKIP" signature="LoginTest(java.lang.String)" name="LoginTest" duration-ms="1" started-at="2015-10-07T16:24:16Z" finished-at="2015-10-07T16:24:16Z">
          <params>
            <param index="0">
              <value>
                <![CDATA[Tired of hearing him boast, the Tortoise challenged him to a race.]]>
              </value>
            </param>
          </params>
        </test-method>
        <test-method status="SKIP" signature="LoginTest(java.lang.String)" name="LoginTest" duration-ms="1" started-at="2015-10-07T16:24:16Z" finished-at="2015-10-07T16:24:16Z">
          <params>
            <param index="0">
              <value>
                <![CDATA[All the animals in the forest gathered to watch.]]>
              </value>
            </param>
          </params>
        </test-method>
        <test-method status="SKIP" signature="LoginTest(java.lang.String)" name="LoginTest" duration-ms="1" started-at="2015-10-07T16:24:16Z" finished-at="2015-10-07T16:24:16Z">
          <params>
            <param index="0">
              <value>
                <![CDATA[The Hare ran down the road for a while and then and paused to rest.]]>
              </value>
            </param>
          </params>
        </test-method>
        <test-method status="SKIP" signature="LoginTest(java.lang.String)" name="LoginTest" duration-ms="1" started-at="2015-10-07T16:24:16Z" finished-at="2015-10-07T16:24:16Z">
          <params>
            <param index="0">
              <value>
                <![CDATA[He looked back at the tortoise and cried out]]>
              </value>
            </param>
          </params>
        </test-method>
        <test-method status="SKIP" signature="LoginTest(java.lang.String)" name="LoginTest" duration-ms="1" started-at="2015-10-07T16:24:16Z" finished-at="2015-10-07T16:24:16Z">
          <params>
            <param index="0">
              <value>
                <![CDATA[How do you expect to win this race when you are walking along at your slow, slow pace?]]>
              </value>
            </param>
          </params>
        </test-method>
        <test-method status="SKIP" signature="LoginTest(java.lang.String)" name="LoginTest" duration-ms="0" started-at="2015-10-07T16:24:16Z" finished-at="2015-10-07T16:24:16Z">
          <params>
            <param index="0">
              <value>
                <![CDATA[The Hare stretched himself out alongside the road and fell asleep, thinking]]>
              </value>
            </param>
          </params>
        </test-method>
        <test-method status="SKIP" signature="LoginTest(java.lang.String)" name="LoginTest" duration-ms="1" started-at="2015-10-07T16:24:16Z" finished-at="2015-10-07T16:24:16Z">
          <params>
            <param index="0">
              <value>
                <![CDATA[The Tortoise walked and walked; never ever stopping until he came to the finish line.]]>
              </value>
            </param>
          </params>
        </test-method>
        <test-method status="SKIP" signature="LoginTest(java.lang.String)" name="LoginTest" duration-ms="0" started-at="2015-10-07T16:24:16Z" finished-at="2015-10-07T16:24:16Z">
          <params>
            <param index="0">
              <value>
                <![CDATA[There is plenty of time to relax]]>
              </value>
            </param>
          </params>
        </test-method>
        <test-method status="SKIP" signature="LoginTest(java.lang.String)" name="LoginTest" duration-ms="1" started-at="2015-10-07T16:24:16Z" finished-at="2015-10-07T16:24:16Z">
          <params>
            <param index="0">
              <value>
                <![CDATA[The animals who were watching cheered so loudly for Tortoise]]>
              </value>
            </param>
          </params>
        </test-method>
        <test-method status="SKIP" signature="LoginTest(java.lang.String)" name="LoginTest" duration-ms="0" started-at="2015-10-07T16:24:16Z" finished-at="2015-10-07T16:24:16Z">
          <params>
            <param index="0">
              <value>
                <![CDATA[The Hare stretched and yawned and began to run again]]>
              </value>
            </param>
          </params>
        </test-method>
        <test-method status="SKIP" signature="LoginTest(java.lang.String)" name="LoginTest" duration-ms="0" started-at="2015-10-07T16:24:16Z" finished-at="2015-10-07T16:24:16Z">
          <params>
            <param index="0">
              <value>
                <![CDATA[Tortoise was already over the line.]]>
              </value>
            </param>
          </params>
        </test-method>
        <test-method status="SKIP" signature="LoginTest(java.lang.String)" name="LoginTest" duration-ms="1" started-at="2015-10-07T16:24:16Z" finished-at="2015-10-07T16:24:16Z">
          <params>
            <param index="0">
              <value is-null="true"/>
            </param>
          </params>
        </test-method>
        <test-method status="SKIP" signature="LoginTest(java.lang.String)" name="LoginTest" duration-ms="0" started-at="2015-10-07T16:24:16Z" finished-at="2015-10-07T16:24:16Z">
          <params>
            <param index="0">
              <value>
                <![CDATA[SLOW AND STEADY WINS THE RACE]]>
              </value>
            </param>
          </params>
        </test-method>
        <test-method status="SKIP" signature="terminatetest()" name="terminatetest" is-config="true" duration-ms="0" started-at="2015-10-07T16:24:16Z" finished-at="2015-10-07T16:24:16Z">
        </test-method>
      </class>
    </test>
    <test name="FirefoxTest" duration-ms="7337" started-at="2015-10-07T16:24:09Z" finished-at="2015-10-07T16:24:16Z">
      <class name="SeleniumIntegration.MavenDemo.DoTwitterPost">
        <test-method status="FAIL" signature="launchapp(java.lang.String)" name="launchapp" is-config="true" duration-ms="0" started-at="2015-10-07T16:24:09Z" finished-at="2015-10-07T16:24:09Z">
          <params>
            <param index="0">
              <value>
                <![CDATA[firefox]]>
              </value>
            </param>
          </params>
          <exception class="org.openqa.selenium.remote.UnreachableBrowserException">
            <message>
              <![CDATA[Could not start a new session. Possible causes are invalid address of the remote server or browser start-up failure.
Build info: version: '2.45.0', revision: '5017cb8e7ca8e37638dc3091b2440b90a1d8686f', time: '2015-02-27 09:10:26'
System info: host: 'amit-PC', ip: '192.168.0.3', os.name: 'Windows 7', os.arch: 'x86', os.version: '6.1', java.version: '1.8.0_45'
Driver info: driver.version: RemoteWebDriver]]>
            </message>
            <full-stacktrace>
              <![CDATA[org.openqa.selenium.remote.UnreachableBrowserException: Could not start a new session. Possible causes are invalid address of the remote server or browser start-up failure.
Build info: version: '2.45.0', revision: '5017cb8e7ca8e37638dc3091b2440b90a1d8686f', time: '2015-02-27 09:10:26'
System info: host: 'amit-PC', ip: '192.168.0.3', os.name: 'Windows 7', os.arch: 'x86', os.version: '6.1', java.version: '1.8.0_45'
Driver info: driver.version: RemoteWebDriver
	at org.openqa.selenium.remote.RemoteWebDriver.execute(RemoteWebDriver.java:593)
	at org.openqa.selenium.remote.RemoteWebDriver.startSession(RemoteWebDriver.java:240)
	at org.openqa.selenium.remote.RemoteWebDriver.<init>(RemoteWebDriver.java:126)
	at org.openqa.selenium.remote.RemoteWebDriver.<init>(RemoteWebDriver.java:153)
	at SeleniumIntegration.MavenDemo.DoTwitterPost.launchapp(DoTwitterPost.java:53)
	at sun.reflect.NativeMethodAccessorImpl.invoke0(Native Method)
	at sun.reflect.NativeMethodAccessorImpl.invoke(NativeMethodAccessorImpl.java:62)
	at sun.reflect.DelegatingMethodAccessorImpl.invoke(DelegatingMethodAccessorImpl.java:43)
	at java.lang.reflect.Method.invoke(Method.java:497)
	at org.testng.internal.MethodInvocationHelper.invokeMethod(MethodInvocationHelper.java:80)
	at org.testng.internal.Invoker.invokeConfigurationMethod(Invoker.java:525)
	at org.testng.internal.Invoker.invokeConfigurations(Invoker.java:202)
	at org.testng.internal.Invoker.invokeConfigurations(Invoker.java:130)
	at org.testng.TestRunner.beforeRun(TestRunner.java:632)
	at org.testng.TestRunner.run(TestRunner.java:600)
	at org.testng.SuiteRunner.runTest(SuiteRunner.java:334)
	at org.testng.SuiteRunner.access$000(SuiteRunner.java:36)
	at org.testng.SuiteRunner$SuiteWorker.run(SuiteRunner.java:368)
	at org.testng.internal.thread.ThreadUtil$CountDownLatchedRunnable.run(ThreadUtil.java:165)
	at java.util.concurrent.ThreadPoolExecutor.runWorker(ThreadPoolExecutor.java:1142)
	at java.util.concurrent.ThreadPoolExecutor$Worker.run(ThreadPoolExecutor.java:617)
	at java.lang.Thread.run(Thread.java:745)
Caused by: org.apache.http.conn.HttpHostConnectException: Connect to localhost:5555 [localhost/127.0.0.1, localhost/0:0:0:0:0:0:0:1] failed: Connection refused: connect
	at org.apache.http.impl.conn.HttpClientConnectionOperator.connect(HttpClientConnectionOperator.java:142)
	at org.apache.http.impl.conn.PoolingHttpClientConnectionManager.connect(PoolingHttpClientConnectionManager.java:319)
	at org.apache.http.impl.execchain.MainClientExec.establishRoute(MainClientExec.java:363)
	at org.apache.http.impl.execchain.MainClientExec.execute(MainClientExec.java:219)
	at org.apache.http.impl.execchain.ProtocolExec.execute(ProtocolExec.java:195)
	at org.apache.http.impl.execchain.RetryExec.execute(RetryExec.java:86)
	at org.apache.http.impl.execchain.RedirectExec.execute(RedirectExec.java:108)
	at org.apache.http.impl.client.InternalHttpClient.doExecute(InternalHttpClient.java:184)
	at org.apache.http.impl.client.CloseableHttpClient.execute(CloseableHttpClient.java:72)
	at org.apache.http.impl.client.CloseableHttpClient.execute(CloseableHttpClient.java:57)
	at org.openqa.selenium.remote.internal.ApacheHttpClient.fallBackExecute(ApacheHttpClient.java:126)
	at org.openqa.selenium.remote.internal.ApacheHttpClient.execute(ApacheHttpClient.java:72)
	at org.openqa.selenium.remote.HttpCommandExecutor.execute(HttpCommandExecutor.java:133)
	at org.openqa.selenium.remote.RemoteWebDriver.execute(RemoteWebDriver.java:572)
	... 21 more
Caused by: java.net.ConnectException: Connection refused: connect
	at java.net.DualStackPlainSocketImpl.waitForConnect(Native Method)
	at java.net.DualStackPlainSocketImpl.socketConnect(DualStackPlainSocketImpl.java:85)
	at java.net.AbstractPlainSocketImpl.doConnect(AbstractPlainSocketImpl.java:345)
	at java.net.AbstractPlainSocketImpl.connectToAddress(AbstractPlainSocketImpl.java:206)
	at java.net.AbstractPlainSocketImpl.connect(AbstractPlainSocketImpl.java:188)
	at java.net.PlainSocketImpl.connect(PlainSocketImpl.java:172)
	at java.net.SocksSocketImpl.connect(SocksSocketImpl.java:392)
	at java.net.Socket.connect(Socket.java:589)
	at org.apache.http.conn.socket.PlainConnectionSocketFactory.connectSocket(PlainConnectionSocketFactory.java:72)
	at org.apache.http.impl.conn.HttpClientConnectionOperator.connect(HttpClientConnectionOperator.java:125)
	... 34 more
]]>
            </full-stacktrace>
          </exception>
        </test-method>
        <test-method status="SKIP" signature="LoginTest(java.lang.String)" name="LoginTest" duration-ms="0" started-at="2015-10-07T16:24:16Z" finished-at="2015-10-07T16:24:16Z">
          <params>
            <param index="0">
              <value>
                <![CDATA[There once was a speedy Hare who bragged about how fast he could run.]]>
              </value>
            </param>
          </params>
        </test-method>
        <test-method status="SKIP" signature="LoginTest(java.lang.String)" name="LoginTest" duration-ms="1" started-at="2015-10-07T16:24:16Z" finished-at="2015-10-07T16:24:16Z">
          <params>
            <param index="0">
              <value>
                <![CDATA[Tired of hearing him boast, the Tortoise challenged him to a race.]]>
              </value>
            </param>
          </params>
        </test-method>
        <test-method status="SKIP" signature="LoginTest(java.lang.String)" name="LoginTest" duration-ms="0" started-at="2015-10-07T16:24:16Z" finished-at="2015-10-07T16:24:16Z">
          <params>
            <param index="0">
              <value>
                <![CDATA[All the animals in the forest gathered to watch.]]>
              </value>
            </param>
          </params>
        </test-method>
        <test-method status="SKIP" signature="LoginTest(java.lang.String)" name="LoginTest" duration-ms="0" started-at="2015-10-07T16:24:16Z" finished-at="2015-10-07T16:24:16Z">
          <params>
            <param index="0">
              <value>
                <![CDATA[He looked back at the tortoise and cried out]]>
              </value>
            </param>
          </params>
        </test-method>
        <test-method status="SKIP" signature="LoginTest(java.lang.String)" name="LoginTest" duration-ms="0" started-at="2015-10-07T16:24:16Z" finished-at="2015-10-07T16:24:16Z">
          <params>
            <param index="0">
              <value>
                <![CDATA[The Hare ran down the road for a while and then and paused to rest.]]>
              </value>
            </param>
          </params>
        </test-method>
        <test-method status="SKIP" signature="LoginTest(java.lang.String)" name="LoginTest" duration-ms="0" started-at="2015-10-07T16:24:16Z" finished-at="2015-10-07T16:24:16Z">
          <params>
            <param index="0">
              <value>
                <![CDATA[How do you expect to win this race when you are walking along at your slow, slow pace?]]>
              </value>
            </param>
          </params>
        </test-method>
        <test-method status="SKIP" signature="LoginTest(java.lang.String)" name="LoginTest" duration-ms="1" started-at="2015-10-07T16:24:16Z" finished-at="2015-10-07T16:24:16Z">
          <params>
            <param index="0">
              <value>
                <![CDATA[The Hare stretched himself out alongside the road and fell asleep, thinking]]>
              </value>
            </param>
          </params>
        </test-method>
        <test-method status="SKIP" signature="LoginTest(java.lang.String)" name="LoginTest" duration-ms="0" started-at="2015-10-07T16:24:16Z" finished-at="2015-10-07T16:24:16Z">
          <params>
            <param index="0">
              <value>
                <![CDATA[There is plenty of time to relax]]>
              </value>
            </param>
          </params>
        </test-method>
        <test-method status="SKIP" signature="LoginTest(java.lang.String)" name="LoginTest" duration-ms="1" started-at="2015-10-07T16:24:16Z" finished-at="2015-10-07T16:24:16Z">
          <params>
            <param index="0">
              <value>
                <![CDATA[The Tortoise walked and walked; never ever stopping until he came to the finish line.]]>
              </value>
            </param>
          </params>
        </test-method>
        <test-method status="SKIP" signature="LoginTest(java.lang.String)" name="LoginTest" duration-ms="1" started-at="2015-10-07T16:24:16Z" finished-at="2015-10-07T16:24:16Z">
          <params>
            <param index="0">
              <value>
                <![CDATA[The Hare stretched and yawned and began to run again]]>
              </value>
            </param>
          </params>
        </test-method>
        <test-method status="SKIP" signature="LoginTest(java.lang.String)" name="LoginTest" duration-ms="0" started-at="2015-10-07T16:24:16Z" finished-at="2015-10-07T16:24:16Z">
          <params>
            <param index="0">
              <value>
                <![CDATA[The animals who were watching cheered so loudly for Tortoise]]>
              </value>
            </param>
          </params>
        </test-method>
        <test-method status="SKIP" signature="LoginTest(java.lang.String)" name="LoginTest" duration-ms="0" started-at="2015-10-07T16:24:16Z" finished-at="2015-10-07T16:24:16Z">
          <params>
            <param index="0">
              <value>
                <![CDATA[Tortoise was already over the line.]]>
              </value>
            </param>
          </params>
        </test-method>
        <test-method status="SKIP" signature="LoginTest(java.lang.String)" name="LoginTest" duration-ms="0" started-at="2015-10-07T16:24:16Z" finished-at="2015-10-07T16:24:16Z">
          <params>
            <param index="0">
              <value>
                <![CDATA[SLOW AND STEADY WINS THE RACE]]>
              </value>
            </param>
          </params>
        </test-method>
        <test-method status="SKIP" signature="LoginTest(java.lang.String)" name="LoginTest" duration-ms="0" started-at="2015-10-07T16:24:16Z" finished-at="2015-10-07T16:24:16Z">
          <params>
            <param index="0">
              <value is-null="true"/>
            </param>
          </params>
        </test-method>
        <test-method status="SKIP" signature="terminatetest()" name="terminatetest" is-config="true" duration-ms="0" started-at="2015-10-07T16:24:16Z" finished-at="2015-10-07T16:24:16Z">
        </test-method>
      </class>
    </test>
  </suite>
</testng-results>
